***************************************************************************************************** 
* WARNING: The 2022 software stack is deprecated. Please consider switching to
the latest 2024 * 
* software stack, or the older 2023 software stack. * 
* * 
* If you have any question, please contact us via
http://servicedesk.surfsara.nl. * 
***************************************************************************************************** 
OpenMP parallelism
Running with OMP_NUM_THREADS = 1
CPUS:  1
Starting the program...

Iteration 5000; Population 508
Program completed successfully. Took 477.633742 seconds
Done with 1 threads.
Running with OMP_NUM_THREADS = 2
CPUS:  2
Starting the program...

Iteration 5000; Population 508
Program completed successfully. Took 252.115560 seconds
Done with 2 threads.
Running with OMP_NUM_THREADS = 4
CPUS:  4
Starting the program...

Iteration 5000; Population 508
Program completed successfully. Took 136.266473 seconds
Done with 4 threads.
Running with OMP_NUM_THREADS = 8
CPUS:  8
Starting the program...

Iteration 5000; Population 508
Program completed successfully. Took 69.067152 seconds
Done with 8 threads.
Running with OMP_NUM_THREADS = 16
CPUS:  16
Starting the program...

Iteration 5000; Population 508
Program completed successfully. Took 34.975489 seconds
Done with 16 threads.
Running with OMP_NUM_THREADS = 32
CPUS:  32
Starting the program...

Iteration 5000; Population 508
Program completed successfully. Took 17.529997 seconds
Done with 32 threads.
Running with OMP_NUM_THREADS = 64
CPUS:  64
Starting the program...

Iteration 5000; Population 508
Program completed successfully. Took 9.505045 seconds
Done with 64 threads.
Running with OMP_NUM_THREADS = 128
CPUS:  128
Starting the program...

Iteration 5000; Population 508
Program completed successfully. Took 6.876717 seconds
Done with 128 threads.

JOB STATISTICS
==============
Job ID: 9616504
Cluster: snellius
User/Group: scur1235/scur1235
State: COMPLETED (exit code 0)
Nodes: 1
Cores per node: 128
CPU Utilized: 01:17:35
CPU Efficiency: 3.56% of 1-12:18:08 core-walltime
Job Wall-clock time: 00:17:01
Memory Utilized: 69.00 MB
Memory Efficiency: 0.03% of 224.00 GB
