OpenMP parallelism

ITERATIONS:  31250000
Pi estimate: 3.14159262158977847790, obtained in 0.052694 seconds, iterations: 31250000
DONE 
ITERATIONS:  62500000
Pi estimate: 3.14159263758972162606, obtained in 0.096979 seconds, iterations: 62500000
DONE 
ITERATIONS:  125000000
Pi estimate: 3.14159264558957929125, obtained in 0.203025 seconds, iterations: 125000000
DONE 
ITERATIONS:  250000000
Pi estimate: 3.14159264958972572757, obtained in 0.400047 seconds, iterations: 250000000
DONE 
ITERATIONS:  500000000
Pi estimate: 3.14159265158986222843, obtained in 0.744852 seconds, iterations: 500000000
DONE 
ITERATIONS:  1000000000
Pi estimate: 3.14159265259010789251, obtained in 1.060696 seconds, iterations: 1000000000
DONE 
ITERATIONS:  2000000000
Pi estimate: 3.14159265309020518941, obtained in 1.393582 seconds, iterations: 2000000000
DONE 

JOB STATISTICS
==============
Job ID: 9496466
Cluster: snellius
User/Group: scur1235/scur1235
State: COMPLETED (exit code 0)
Nodes: 1
Cores per node: 32
CPU Utilized: 00:02:03
CPU Efficiency: 27.46% of 00:07:28 core-walltime
Job Wall-clock time: 00:00:14
Memory Utilized: 2.37 MB
Memory Efficiency: 0.00% of 224.00 GB
