OpenMP parallelism

CPUS:  8
Pi estimate: 3.14159265258932407505, obtained in 2.607578 seconds
DONE 
CPUS:  12
Pi estimate: 3.14159265258979658597, obtained in 2.029830 seconds
DONE 
CPUS:  16
Pi estimate: 3.14159265259020425987, obtained in 1.898412 seconds
DONE 
CPUS:  20
Pi estimate: 3.14159265259025088923, obtained in 1.521958 seconds
DONE 
CPUS:  24
Pi estimate: 3.14159265259062081554, obtained in 1.329382 seconds
DONE 
CPUS:  28
Pi estimate: 3.14159265259036146745, obtained in 1.265058 seconds
DONE 
CPUS:  32
Pi estimate: 3.14159265259010744842, obtained in 1.182115 seconds
DONE 
CPUS:  36
Pi estimate: 3.14159265258958786404, obtained in 1.087490 seconds
DONE 
CPUS:  40
Pi estimate: 3.14159265258981701407, obtained in 0.980724 seconds
DONE 
CPUS:  44
Pi estimate: 3.14159265258962294709, obtained in 0.954309 seconds
DONE 
CPUS:  48
Pi estimate: 3.14159265258978148694, obtained in 0.864297 seconds
DONE 

JOB STATISTICS
==============
Job ID: 9495428
Cluster: snellius
User/Group: scur1235/scur1235
State: COMPLETED (exit code 0)
Nodes: 1
Cores per node: 32
CPU Utilized: 00:04:20
CPU Efficiency: 30.09% of 00:14:24 core-walltime
Job Wall-clock time: 00:00:27
Memory Utilized: 2.37 MB
Memory Efficiency: 0.00% of 224.00 GB
