***************************************************************************************************** 
* WARNING: The 2022 software stack is deprecated. Please consider switching to
the latest 2024 * 
* software stack, or the older 2023 software stack. * 
* * 
* If you have any question, please contact us via
http://servicedesk.surfsara.nl. * 
***************************************************************************************************** 
CPUS:  0

libgomp: Invalid value for environment variable OMP_NUM_THREADS
CPUS:  4
CPUS:  8
CPUS:  12
CPUS:  16
CPUS:  20
CPUS:  24
CPUS:  28
CPUS:  32
CPUS:  36
CPUS:  40
CPUS:  44
CPUS:  48
CPUS:  52
CPUS:  56
CPUS:  60
CPUS:  64
CPUS:  68
CPUS:  72
CPUS:  76
CPUS:  80
CPUS:  84
CPUS:  88
CPUS:  92
CPUS:  96
CPUS:  100
CPUS:  104
CPUS:  108
CPUS:  112
CPUS:  116
CPUS:  120
CPUS:  124
CPUS:  128
CPUS:  132
CPUS:  136
CPUS:  140
CPUS:  144
CPUS:  148
CPUS:  152
CPUS:  156
CPUS:  160
CPUS:  164
CPUS:  168
CPUS:  172
CPUS:  176
CPUS:  180
CPUS:  184
CPUS:  188
CPUS:  192
CPUS:  196
CPUS:  200
CPUS:  204
CPUS:  208
CPUS:  212
CPUS:  216
CPUS:  220
CPUS:  224
CPUS:  228
CPUS:  232
CPUS:  236
CPUS:  240
CPUS:  244
CPUS:  248
CPUS:  252
CPUS:  256
CPUS:  260
CPUS:  264
CPUS:  268
CPUS:  272
CPUS:  276
CPUS:  280
CPUS:  284
CPUS:  288
CPUS:  292
CPUS:  296
CPUS:  300
CPUS:  304
CPUS:  308
CPUS:  312
CPUS:  316
CPUS:  320
CPUS:  324
CPUS:  328
CPUS:  332
CPUS:  336
CPUS:  340
CPUS:  344
CPUS:  348
CPUS:  352
CPUS:  356
CPUS:  360
CPUS:  364
CPUS:  368
CPUS:  372
CPUS:  376
CPUS:  380
CPUS:  384
CPUS:  388
CPUS:  392
CPUS:  396
CPUS:  400
CPUS:  404
CPUS:  408
CPUS:  412
CPUS:  416
CPUS:  420
CPUS:  424
CPUS:  428
CPUS:  432
CPUS:  436
CPUS:  440
CPUS:  444
CPUS:  448
CPUS:  452
CPUS:  456
CPUS:  460
CPUS:  464
CPUS:  468
CPUS:  472
CPUS:  476
CPUS:  480
CPUS:  484
CPUS:  488
CPUS:  492
CPUS:  496
CPUS:  500
CPUS:  504
CPUS:  508
CPUS:  512
